{
  "RSpec": {
    "coverage": {
      "/Users/apprentice/Desktop/travelmate/travelmate/app/helpers/application_helper.rb": [
        1,
        null
      ],
      "/Users/apprentice/Desktop/travelmate/travelmate/app/helpers/sessions_helper.rb": [
        1,
        null
      ],
      "/Users/apprentice/Desktop/travelmate/travelmate/app/helpers/users_helper.rb": [
        1,
        null
      ],
      "/Users/apprentice/Desktop/travelmate/travelmate/app/helpers/welcome_helper.rb": [
        1,
        null
      ],
      "/Users/apprentice/Desktop/travelmate/travelmate/app/controllers/users_controller.rb": [
        1,
        null,
        1,
        0,
        null,
        null,
        1,
        0,
        0,
        0,
        null,
        0,
        null,
        null,
        null,
        1,
        null,
        1,
        0,
        null,
        null,
        null
      ],
      "/Users/apprentice/Desktop/travelmate/travelmate/app/controllers/application_controller.rb": [
        1,
        null,
        null,
        1,
        null
      ],
      "/Users/apprentice/Desktop/travelmate/travelmate/app/controllers/welcome_controller.rb": [
        1,
        null
      ],
      "/Users/apprentice/Desktop/travelmate/travelmate/app/models/location.rb": [
        1,
        1,
        1,
        null
      ],
      "/Users/apprentice/Desktop/travelmate/travelmate/app/models/trip.rb": [
        1,
        1,
        1,
        1,
        1,
        1,
        null
      ],
      "/Users/apprentice/Desktop/travelmate/travelmate/app/models/user.rb": [
        1,
        1,
        1,
        1,
        1,
        1,
        1,
        null,
        null,
        null,
        1,
        null,
        null,
        null,
        null,
        null,
        1,
        null
      ]
    },
    "timestamp": 1422062907
  }
}
